[20250529_194412] index:[0;34m0[0m;amount:[0;34m42[0m;created
[20250529_194412] index:[0;34m1[0m;amount:[0;34m54[0m;created
[20250529_194412] index:[0;34m2[0m;amount:[0;34m957[0m;created
[20250529_194412] index:[0;34m3[0m;amount:[0;34m432[0m;created
[20250529_194412] index:[0;34m4[0m;amount:[0;34m1234[0m;created
[20250529_194412] index:[0;34m5[0m;amount:[0;34m0[0m;created
[20250529_194412] index:[0;34m6[0m;amount:[0;34m754[0m;created
[20250529_194412] index:[0;34m7[0m;amount:[0;34m16576[0m;created
[20250529_194412] acounts:[0;34m8[0m;total:[0;34m20049[0m;deposits:[0;34m0[0m;withdrawals:[0;34m0[0m
[20250529_194412] index:[0;34m0[0m;amount:[0;34m42[0m;deposits:[0;34m0[0m;withdrawals:[0;34m0[0m
[20250529_194412] index:[0;34m1[0m;amount:[0;34m54[0m;deposits:[0;34m0[0m;withdrawals:[0;34m0[0m
[20250529_194412] index:[0;34m2[0m;amount:[0;34m957[0m;deposits:[0;34m0[0m;withdrawals:[0;34m0[0m
[20250529_194412] index:[0;34m3[0m;amount:[0;34m432[0m;deposits:[0;34m0[0m;withdrawals:[0;34m0[0m
[20250529_194412] index:[0;34m4[0m;amount:[0;34m1234[0m;deposits:[0;34m0[0m;withdrawals:[0;34m0[0m
[20250529_194412] index:[0;34m5[0m;amount:[0;34m0[0m;deposits:[0;34m0[0m;withdrawals:[0;34m0[0m
[20250529_194412] index:[0;34m6[0m;amount:[0;34m754[0m;deposits:[0;34m0[0m;withdrawals:[0;34m0[0m
[20250529_194412] index:[0;34m7[0m;amount:[0;34m16576[0m;deposits:[0;34m0[0m;withdrawals:[0;34m0[0m
[20250529_194412] index:[0;34m0[0m;p_amount:[0;34m42[0m;deposit:[0;34m5[0m;amount:[0;34m47[0m;nb_deposits:[0;34m1[0m
[20250529_194412] index:[0;34m1[0m;p_amount:[0;34m54[0m;deposit:[0;34m765[0m;amount:[0;34m819[0m;nb_deposits:[0;34m1[0m
[20250529_194412] index:[0;34m2[0m;p_amount:[0;34m957[0m;deposit:[0;34m564[0m;amount:[0;34m1521[0m;nb_deposits:[0;34m1[0m
[20250529_194412] index:[0;34m3[0m;p_amount:[0;34m432[0m;deposit:[0;34m2[0m;amount:[0;34m434[0m;nb_deposits:[0;34m1[0m
[20250529_194412] index:[0;34m4[0m;p_amount:[0;34m1234[0m;deposit:[0;34m87[0m;amount:[0;34m1321[0m;nb_deposits:[0;34m1[0m
[20250529_194412] index:[0;34m5[0m;p_amount:[0;34m0[0m;deposit:[0;34m23[0m;amount:[0;34m23[0m;nb_deposits:[0;34m1[0m
[20250529_194412] index:[0;34m6[0m;p_amount:[0;34m754[0m;deposit:[0;34m9[0m;amount:[0;34m763[0m;nb_deposits:[0;34m1[0m
[20250529_194412] index:[0;34m7[0m;p_amount:[0;34m16576[0m;deposit:[0;34m20[0m;amount:[0;34m16596[0m;nb_deposits:[0;34m1[0m
[20250529_194412] acounts:[0;34m8[0m;total:[0;34m20049[0m;deposits:[0;34m8[0m;withdrawals:[0;34m0[0m
[20250529_194412] index:[0;34m0[0m;amount:[0;34m47[0m;deposits:[0;34m1[0m;withdrawals:[0;34m0[0m
[20250529_194412] index:[0;34m1[0m;amount:[0;34m819[0m;deposits:[0;34m1[0m;withdrawals:[0;34m0[0m
[20250529_194412] index:[0;34m2[0m;amount:[0;34m1521[0m;deposits:[0;34m1[0m;withdrawals:[0;34m0[0m
[20250529_194412] index:[0;34m3[0m;amount:[0;34m434[0m;deposits:[0;34m1[0m;withdrawals:[0;34m0[0m
[20250529_194412] index:[0;34m4[0m;amount:[0;34m1321[0m;deposits:[0;34m1[0m;withdrawals:[0;34m0[0m
[20250529_194412] index:[0;34m5[0m;amount:[0;34m23[0m;deposits:[0;34m1[0m;withdrawals:[0;34m0[0m
[20250529_194412] index:[0;34m6[0m;amount:[0;34m763[0m;deposits:[0;34m1[0m;withdrawals:[0;34m0[0m
[20250529_194412] index:[0;34m7[0m;amount:[0;34m16596[0m;deposits:[0;34m1[0m;withdrawals:[0;34m0[0m
[20250529_194412] index:[0;34m0[0m;p_amount:[0;34m47[0m;withdrawal:refused
[20250529_194412] index:[0;34m1[0m;p_amount:[0;34m819[0m;withdrawal:[0;34m34[0m;amount:[0;34m785[0m;nb_withdrawals:[0;34m1[0m
[20250529_194412] index:[0;34m2[0m;p_amount:[0;34m1521[0m;withdrawal:[0;34m657[0m;amount:[0;34m864[0m;nb_withdrawals:[0;34m1[0m
[20250529_194412] index:[0;34m3[0m;p_amount:[0;34m434[0m;withdrawal:[0;34m4[0m;amount:[0;34m430[0m;nb_withdrawals:[0;34m1[0m
[20250529_194412] index:[0;34m4[0m;p_amount:[0;34m1321[0m;withdrawal:[0;34m76[0m;amount:[0;34m1245[0m;nb_withdrawals:[0;34m1[0m
[20250529_194412] index:[0;34m5[0m;p_amount:[0;34m23[0m;withdrawal:refused
[20250529_194412] index:[0;34m6[0m;p_amount:[0;34m763[0m;withdrawal:[0;34m657[0m;amount:[0;34m106[0m;nb_withdrawals:[0;34m1[0m
[20250529_194412] index:[0;34m7[0m;p_amount:[0;34m16596[0m;withdrawal:[0;34m7654[0m;amount:[0;34m8942[0m;nb_withdrawals:[0;34m1[0m
[20250529_194412] acounts:[0;34m8[0m;total:[0;34m20049[0m;deposits:[0;34m14[0m;withdrawals:[0;34m0[0m
[20250529_194412] index:[0;34m0[0m;amount:[0;34m47[0m;deposits:[0;34m1[0m;withdrawals:[0;34m0[0m
[20250529_194412] index:[0;34m1[0m;amount:[0;34m785[0m;deposits:[0;34m1[0m;withdrawals:[0;34m1[0m
[20250529_194412] index:[0;34m2[0m;amount:[0;34m864[0m;deposits:[0;34m1[0m;withdrawals:[0;34m1[0m
[20250529_194412] index:[0;34m3[0m;amount:[0;34m430[0m;deposits:[0;34m1[0m;withdrawals:[0;34m1[0m
[20250529_194412] index:[0;34m4[0m;amount:[0;34m1245[0m;deposits:[0;34m1[0m;withdrawals:[0;34m1[0m
[20250529_194412] index:[0;34m5[0m;amount:[0;34m23[0m;deposits:[0;34m1[0m;withdrawals:[0;34m0[0m
[20250529_194412] index:[0;34m6[0m;amount:[0;34m106[0m;deposits:[0;34m1[0m;withdrawals:[0;34m1[0m
[20250529_194412] index:[0;34m7[0m;amount:[0;34m8942[0m;deposits:[0;34m1[0m;withdrawals:[0;34m1[0m
[20250529_194412] index:[0;34m0[0m;amount:[0;34m47[0m;closed
[20250529_194412] index:[0;34m1[0m;amount:[0;34m785[0m;closed
[20250529_194412] index:[0;34m2[0m;amount:[0;34m864[0m;closed
[20250529_194412] index:[0;34m3[0m;amount:[0;34m430[0m;closed
[20250529_194412] index:[0;34m4[0m;amount:[0;34m1245[0m;closed
[20250529_194412] index:[0;34m5[0m;amount:[0;34m23[0m;closed
[20250529_194412] index:[0;34m6[0m;amount:[0;34m106[0m;closed
[20250529_194412] index:[0;34m7[0m;amount:[0;34m8942[0m;closed
